2023-03-09 16:21:59,229 INFO    StreamThr :16247 [internal.py:wandb_internal():87] W&B internal server running at pid: 16247, started at: 2023-03-09 16:21:59.229318
2023-03-09 16:21:59,230 DEBUG   HandlerThread:16247 [handler.py:handle_request():144] handle_request: status
2023-03-09 16:21:59,242 INFO    WriterThread:16247 [datastore.py:open_for_write():85] open: /Users/crysiswar999/Documents/GitHub/CS6910-Assignment-1/wandb/run-20230309_162159-sdiizf0t/run-sdiizf0t.wandb
2023-03-09 16:21:59,243 DEBUG   SenderThread:16247 [sender.py:send():336] send: header
2023-03-09 16:21:59,263 DEBUG   SenderThread:16247 [sender.py:send():336] send: run
2023-03-09 16:22:00,138 INFO    SenderThread:16247 [dir_watcher.py:__init__():216] watching files in: /Users/crysiswar999/Documents/GitHub/CS6910-Assignment-1/wandb/run-20230309_162159-sdiizf0t/files
2023-03-09 16:22:00,138 INFO    SenderThread:16247 [sender.py:_start_run_threads():1067] run started: sdiizf0t with start time 1678359119.228778
2023-03-09 16:22:00,138 DEBUG   SenderThread:16247 [sender.py:send_request():363] send_request: summary_record
2023-03-09 16:22:00,138 INFO    SenderThread:16247 [sender.py:_save_file():1321] saving file wandb-summary.json with policy end
2023-03-09 16:22:00,141 DEBUG   HandlerThread:16247 [handler.py:handle_request():144] handle_request: check_version
2023-03-09 16:22:00,142 DEBUG   SenderThread:16247 [sender.py:send_request():363] send_request: check_version
2023-03-09 16:22:00,260 DEBUG   HandlerThread:16247 [handler.py:handle_request():144] handle_request: run_start
2023-03-09 16:22:00,272 DEBUG   HandlerThread:16247 [system_info.py:__init__():31] System info init
2023-03-09 16:22:00,272 DEBUG   HandlerThread:16247 [system_info.py:__init__():46] System info init done
2023-03-09 16:22:00,272 INFO    HandlerThread:16247 [system_monitor.py:start():151] Starting system monitor
2023-03-09 16:22:00,273 INFO    SystemMonitor:16247 [system_monitor.py:_start():116] Starting system asset monitoring threads
2023-03-09 16:22:00,273 INFO    HandlerThread:16247 [system_monitor.py:probe():172] Collecting system info
2023-03-09 16:22:00,273 INFO    SystemMonitor:16247 [interfaces.py:start():168] Started cpu
2023-03-09 16:22:00,274 DEBUG   HandlerThread:16247 [system_info.py:probe():195] Probing system
2023-03-09 16:22:00,274 INFO    SystemMonitor:16247 [interfaces.py:start():168] Started disk
2023-03-09 16:22:00,281 INFO    SystemMonitor:16247 [interfaces.py:start():168] Started gpuapple
2023-03-09 16:22:00,283 INFO    SystemMonitor:16247 [interfaces.py:start():168] Started memory
2023-03-09 16:22:00,283 INFO    SystemMonitor:16247 [interfaces.py:start():168] Started network
2023-03-09 16:22:00,288 DEBUG   HandlerThread:16247 [system_info.py:_probe_git():180] Probing git
2023-03-09 16:22:00,313 DEBUG   HandlerThread:16247 [system_info.py:_probe_git():188] Probing git done
2023-03-09 16:22:00,314 DEBUG   HandlerThread:16247 [system_info.py:probe():241] Probing system done
2023-03-09 16:22:00,314 DEBUG   HandlerThread:16247 [system_monitor.py:probe():181] {'os': 'macOS-12.6-arm64-arm-64bit', 'python': '3.10.6', 'heartbeatAt': '2023-03-09T10:52:00.274307', 'startedAt': '2023-03-09T10:51:59.212860', 'docker': None, 'cuda': None, 'args': None, 'state': 'running', 'program': 'Assignment_1-jvsc-758159b6-52af-4afb-90f4-0c05d355999c22efa6cf-d72e-4bb5-92a0-eccc7bcbbac5.ipynb', 'root': '/Users/crysiswar999/Documents/GitHub/CS6910-Assignment-1', 'git': {'remote': 'https://github.com/Bibhuti-Majhi/CS6910-Assignment-1.git', 'commit': '4067a0e3961d064cc98e6f0e3287cc392c556cf1'}, 'email': 'cs22m031@smail.iitm.ac.in', 'host': 'Bibhutis-MacBook-Air.local', 'username': 'crysiswar999', 'executable': '/opt/homebrew/opt/python@3.10/bin/python3.10', 'cpu_count': 8, 'cpu_count_logical': 8, 'disk': {'total': 228.27386474609375, 'used': 98.85355758666992}, 'gpuapple': {'type': 'arm', 'vendor': 'Apple'}, 'memory': {'total': 8.0}}
2023-03-09 16:22:00,314 INFO    HandlerThread:16247 [system_monitor.py:probe():182] Finished collecting system info
2023-03-09 16:22:00,314 INFO    HandlerThread:16247 [system_monitor.py:probe():185] Publishing system info
2023-03-09 16:22:00,314 DEBUG   HandlerThread:16247 [system_info.py:_save_pip():51] Saving list of pip packages installed into the current environment
2023-03-09 16:22:00,314 DEBUG   HandlerThread:16247 [system_info.py:_save_pip():67] Saving pip packages done
2023-03-09 16:22:00,315 INFO    HandlerThread:16247 [system_monitor.py:probe():187] Finished publishing system info
2023-03-09 16:22:00,326 DEBUG   SenderThread:16247 [sender.py:send():336] send: files
2023-03-09 16:22:00,326 INFO    SenderThread:16247 [sender.py:_save_file():1321] saving file wandb-metadata.json with policy now
2023-03-09 16:22:00,336 DEBUG   HandlerThread:16247 [handler.py:handle_request():144] handle_request: stop_status
2023-03-09 16:22:00,336 DEBUG   SenderThread:16247 [sender.py:send_request():363] send_request: stop_status
2023-03-09 16:22:00,679 DEBUG   SenderThread:16247 [sender.py:send():336] send: telemetry
2023-03-09 16:22:01,145 INFO    Thread-13 :16247 [dir_watcher.py:_on_file_created():275] file/dir created: /Users/crysiswar999/Documents/GitHub/CS6910-Assignment-1/wandb/run-20230309_162159-sdiizf0t/files/requirements.txt
2023-03-09 16:22:01,145 INFO    Thread-13 :16247 [dir_watcher.py:_on_file_created():275] file/dir created: /Users/crysiswar999/Documents/GitHub/CS6910-Assignment-1/wandb/run-20230309_162159-sdiizf0t/files/wandb-metadata.json
2023-03-09 16:22:01,146 INFO    Thread-13 :16247 [dir_watcher.py:_on_file_created():275] file/dir created: /Users/crysiswar999/Documents/GitHub/CS6910-Assignment-1/wandb/run-20230309_162159-sdiizf0t/files/wandb-summary.json
2023-03-09 16:22:01,288 INFO    wandb-upload_0:16247 [upload_job.py:push():138] Uploaded file /var/folders/lj/kz71w7bd4jq365nsc0cjx4mr0000gn/T/tmpqyxnt190wandb/fpmbbacn-wandb-metadata.json
2023-03-09 16:22:04,696 DEBUG   HandlerThread:16247 [handler.py:handle_request():144] handle_request: status_report
2023-03-09 16:22:10,186 INFO    Thread-13 :16247 [dir_watcher.py:_on_file_created():275] file/dir created: /Users/crysiswar999/Documents/GitHub/CS6910-Assignment-1/wandb/run-20230309_162159-sdiizf0t/files/output.log
2023-03-09 16:22:10,278 DEBUG   HandlerThread:16247 [handler.py:handle_request():144] handle_request: status_report
2023-03-09 16:22:12,190 INFO    Thread-13 :16247 [dir_watcher.py:_on_file_modified():292] file/dir modified: /Users/crysiswar999/Documents/GitHub/CS6910-Assignment-1/wandb/run-20230309_162159-sdiizf0t/files/output.log
2023-03-09 16:22:15,305 DEBUG   HandlerThread:16247 [handler.py:handle_request():144] handle_request: status_report
2023-03-09 16:22:15,341 DEBUG   HandlerThread:16247 [handler.py:handle_request():144] handle_request: keepalive
2023-03-09 16:22:20,345 DEBUG   HandlerThread:16247 [handler.py:handle_request():144] handle_request: status_report
2023-03-09 16:22:20,393 DEBUG   HandlerThread:16247 [handler.py:handle_request():144] handle_request: keepalive
2023-03-09 16:22:25,370 DEBUG   HandlerThread:16247 [handler.py:handle_request():144] handle_request: status_report
2023-03-09 16:22:25,426 DEBUG   HandlerThread:16247 [handler.py:handle_request():144] handle_request: keepalive
2023-03-09 16:22:30,389 DEBUG   HandlerThread:16247 [handler.py:handle_request():144] handle_request: status_report
2023-03-09 16:22:30,452 DEBUG   HandlerThread:16247 [handler.py:handle_request():144] handle_request: keepalive
2023-03-09 16:22:31,308 INFO    Thread-13 :16247 [dir_watcher.py:_on_file_modified():292] file/dir modified: /Users/crysiswar999/Documents/GitHub/CS6910-Assignment-1/wandb/run-20230309_162159-sdiizf0t/files/config.yaml
2023-03-09 16:22:35,494 DEBUG   HandlerThread:16247 [handler.py:handle_request():144] handle_request: keepalive
2023-03-09 16:22:35,836 DEBUG   HandlerThread:16247 [handler.py:handle_request():144] handle_request: status_report
2023-03-09 16:22:40,525 DEBUG   HandlerThread:16247 [handler.py:handle_request():144] handle_request: keepalive
2023-03-09 16:22:40,856 DEBUG   HandlerThread:16247 [handler.py:handle_request():144] handle_request: status_report
2023-03-09 16:22:45,574 DEBUG   HandlerThread:16247 [handler.py:handle_request():144] handle_request: keepalive
2023-03-09 16:22:45,916 DEBUG   HandlerThread:16247 [handler.py:handle_request():144] handle_request: status_report
2023-03-09 16:22:50,641 DEBUG   HandlerThread:16247 [handler.py:handle_request():144] handle_request: keepalive
2023-03-09 16:22:50,944 DEBUG   HandlerThread:16247 [handler.py:handle_request():144] handle_request: status_report
2023-03-09 16:22:55,662 DEBUG   HandlerThread:16247 [handler.py:handle_request():144] handle_request: keepalive
2023-03-09 16:22:55,980 DEBUG   HandlerThread:16247 [handler.py:handle_request():144] handle_request: status_report
2023-03-09 16:23:00,284 DEBUG   SystemMonitor:16247 [system_monitor.py:_start():130] Starting system metrics aggregation loop
2023-03-09 16:23:00,287 DEBUG   SenderThread:16247 [sender.py:send():336] send: telemetry
2023-03-09 16:23:00,287 DEBUG   SenderThread:16247 [sender.py:send():336] send: stats
2023-03-09 16:23:00,689 DEBUG   HandlerThread:16247 [handler.py:handle_request():144] handle_request: keepalive
2023-03-09 16:23:01,300 DEBUG   HandlerThread:16247 [handler.py:handle_request():144] handle_request: status_report
2023-03-09 16:23:02,499 INFO    Thread-13 :16247 [dir_watcher.py:_on_file_modified():292] file/dir modified: /Users/crysiswar999/Documents/GitHub/CS6910-Assignment-1/wandb/run-20230309_162159-sdiizf0t/files/config.yaml
2023-03-09 16:23:03,452 DEBUG   HandlerThread:16247 [handler.py:handle_request():144] handle_request: partial_history
2023-03-09 16:23:03,460 DEBUG   SenderThread:16247 [sender.py:send():336] send: history
2023-03-09 16:23:03,461 DEBUG   SenderThread:16247 [sender.py:send_request():363] send_request: summary_record
2023-03-09 16:23:03,461 INFO    SenderThread:16247 [sender.py:_save_file():1321] saving file wandb-summary.json with policy end
2023-03-09 16:23:03,514 INFO    Thread-13 :16247 [dir_watcher.py:_on_file_modified():292] file/dir modified: /Users/crysiswar999/Documents/GitHub/CS6910-Assignment-1/wandb/run-20230309_162159-sdiizf0t/files/wandb-summary.json
2023-03-09 16:23:05,755 DEBUG   HandlerThread:16247 [handler.py:handle_request():144] handle_request: keepalive
2023-03-09 16:23:07,487 DEBUG   HandlerThread:16247 [handler.py:handle_request():144] handle_request: status_report
2023-03-09 16:23:10,772 DEBUG   HandlerThread:16247 [handler.py:handle_request():144] handle_request: keepalive
2023-03-09 16:23:12,513 DEBUG   HandlerThread:16247 [handler.py:handle_request():144] handle_request: status_report
2023-03-09 16:23:15,580 INFO    Thread-13 :16247 [dir_watcher.py:_on_file_modified():292] file/dir modified: /Users/crysiswar999/Documents/GitHub/CS6910-Assignment-1/wandb/run-20230309_162159-sdiizf0t/files/output.log
2023-03-09 16:23:15,811 DEBUG   HandlerThread:16247 [handler.py:handle_request():144] handle_request: keepalive
2023-03-09 16:23:18,076 DEBUG   HandlerThread:16247 [handler.py:handle_request():144] handle_request: status_report
2023-03-09 16:23:20,827 DEBUG   HandlerThread:16247 [handler.py:handle_request():144] handle_request: keepalive
2023-03-09 16:23:23,104 DEBUG   HandlerThread:16247 [handler.py:handle_request():144] handle_request: status_report
2023-03-09 16:23:25,840 DEBUG   HandlerThread:16247 [handler.py:handle_request():144] handle_request: keepalive
2023-03-09 16:23:27,635 INFO    Thread-13 :16247 [dir_watcher.py:_on_file_modified():292] file/dir modified: /Users/crysiswar999/Documents/GitHub/CS6910-Assignment-1/wandb/run-20230309_162159-sdiizf0t/files/output.log
2023-03-09 16:23:28,739 DEBUG   HandlerThread:16247 [handler.py:handle_request():144] handle_request: status_report
2023-03-09 16:23:30,292 DEBUG   SenderThread:16247 [sender.py:send():336] send: stats
2023-03-09 16:23:30,918 DEBUG   HandlerThread:16247 [handler.py:handle_request():144] handle_request: keepalive
2023-03-09 16:23:34,313 DEBUG   HandlerThread:16247 [handler.py:handle_request():144] handle_request: status_report
2023-03-09 16:23:35,965 DEBUG   HandlerThread:16247 [handler.py:handle_request():144] handle_request: keepalive
2023-03-09 16:23:39,351 DEBUG   HandlerThread:16247 [handler.py:handle_request():144] handle_request: status_report
2023-03-09 16:23:40,986 DEBUG   HandlerThread:16247 [handler.py:handle_request():144] handle_request: keepalive
2023-03-09 16:23:41,719 INFO    Thread-13 :16247 [dir_watcher.py:_on_file_modified():292] file/dir modified: /Users/crysiswar999/Documents/GitHub/CS6910-Assignment-1/wandb/run-20230309_162159-sdiizf0t/files/output.log
2023-03-09 16:23:44,659 DEBUG   HandlerThread:16247 [handler.py:handle_request():144] handle_request: status_report
2023-03-09 16:23:45,998 DEBUG   HandlerThread:16247 [handler.py:handle_request():144] handle_request: keepalive
2023-03-09 16:23:46,801 DEBUG   SenderThread:16247 [sender.py:send():336] send: exit
2023-03-09 16:23:46,801 INFO    SenderThread:16247 [sender.py:send_exit():559] handling exit code: 0
2023-03-09 16:23:46,802 INFO    SenderThread:16247 [sender.py:send_exit():561] handling runtime: 106
2023-03-09 16:23:46,803 INFO    SenderThread:16247 [sender.py:_save_file():1321] saving file wandb-summary.json with policy end
2023-03-09 16:23:46,803 INFO    SenderThread:16247 [sender.py:send_exit():567] send defer
2023-03-09 16:23:46,803 DEBUG   HandlerThread:16247 [handler.py:handle_request():144] handle_request: defer
2023-03-09 16:23:46,803 INFO    HandlerThread:16247 [handler.py:handle_request_defer():170] handle defer: 0
2023-03-09 16:23:46,804 DEBUG   SenderThread:16247 [sender.py:send_request():363] send_request: defer
2023-03-09 16:23:46,804 INFO    SenderThread:16247 [sender.py:send_request_defer():583] handle sender defer: 0
2023-03-09 16:23:46,804 INFO    SenderThread:16247 [sender.py:transition_state():587] send defer: 1
2023-03-09 16:23:46,804 DEBUG   HandlerThread:16247 [handler.py:handle_request():144] handle_request: defer
2023-03-09 16:23:46,804 INFO    HandlerThread:16247 [handler.py:handle_request_defer():170] handle defer: 1
2023-03-09 16:23:46,804 DEBUG   SenderThread:16247 [sender.py:send_request():363] send_request: defer
2023-03-09 16:23:46,804 INFO    SenderThread:16247 [sender.py:send_request_defer():583] handle sender defer: 1
2023-03-09 16:23:46,804 INFO    SenderThread:16247 [sender.py:transition_state():587] send defer: 2
2023-03-09 16:23:46,805 DEBUG   HandlerThread:16247 [handler.py:handle_request():144] handle_request: defer
2023-03-09 16:23:46,805 INFO    HandlerThread:16247 [handler.py:handle_request_defer():170] handle defer: 2
2023-03-09 16:23:46,805 INFO    HandlerThread:16247 [system_monitor.py:finish():161] Stopping system monitor
2023-03-09 16:23:46,825 DEBUG   SystemMonitor:16247 [system_monitor.py:_start():137] Finished system metrics aggregation loop
2023-03-09 16:23:46,826 DEBUG   SystemMonitor:16247 [system_monitor.py:_start():141] Publishing last batch of metrics
2023-03-09 16:23:46,829 INFO    HandlerThread:16247 [interfaces.py:finish():175] Joined cpu
2023-03-09 16:23:46,829 INFO    HandlerThread:16247 [interfaces.py:finish():175] Joined disk
2023-03-09 16:23:46,829 INFO    HandlerThread:16247 [interfaces.py:finish():175] Joined gpuapple
2023-03-09 16:23:46,829 INFO    HandlerThread:16247 [interfaces.py:finish():175] Joined memory
2023-03-09 16:23:46,829 INFO    HandlerThread:16247 [interfaces.py:finish():175] Joined network
2023-03-09 16:23:46,830 DEBUG   SenderThread:16247 [sender.py:send_request():363] send_request: defer
2023-03-09 16:23:46,830 INFO    SenderThread:16247 [sender.py:send_request_defer():583] handle sender defer: 2
2023-03-09 16:23:46,830 INFO    SenderThread:16247 [sender.py:transition_state():587] send defer: 3
2023-03-09 16:23:46,831 DEBUG   SenderThread:16247 [sender.py:send():336] send: stats
2023-03-09 16:23:46,831 DEBUG   HandlerThread:16247 [handler.py:handle_request():144] handle_request: defer
2023-03-09 16:23:46,831 INFO    HandlerThread:16247 [handler.py:handle_request_defer():170] handle defer: 3
2023-03-09 16:23:46,832 DEBUG   SenderThread:16247 [sender.py:send_request():363] send_request: defer
2023-03-09 16:23:46,832 INFO    SenderThread:16247 [sender.py:send_request_defer():583] handle sender defer: 3
2023-03-09 16:23:46,832 INFO    SenderThread:16247 [sender.py:transition_state():587] send defer: 4
2023-03-09 16:23:46,832 DEBUG   HandlerThread:16247 [handler.py:handle_request():144] handle_request: defer
2023-03-09 16:23:46,832 INFO    HandlerThread:16247 [handler.py:handle_request_defer():170] handle defer: 4
2023-03-09 16:23:46,833 DEBUG   SenderThread:16247 [sender.py:send_request():363] send_request: defer
2023-03-09 16:23:46,833 INFO    SenderThread:16247 [sender.py:send_request_defer():583] handle sender defer: 4
2023-03-09 16:23:46,833 INFO    SenderThread:16247 [sender.py:transition_state():587] send defer: 5
2023-03-09 16:23:46,833 DEBUG   HandlerThread:16247 [handler.py:handle_request():144] handle_request: defer
2023-03-09 16:23:46,833 INFO    HandlerThread:16247 [handler.py:handle_request_defer():170] handle defer: 5
2023-03-09 16:23:46,834 DEBUG   SenderThread:16247 [sender.py:send():336] send: summary
2023-03-09 16:23:46,836 INFO    SenderThread:16247 [sender.py:_save_file():1321] saving file wandb-summary.json with policy end
2023-03-09 16:23:46,836 DEBUG   SenderThread:16247 [sender.py:send_request():363] send_request: defer
2023-03-09 16:23:46,836 INFO    SenderThread:16247 [sender.py:send_request_defer():583] handle sender defer: 5
2023-03-09 16:23:46,836 INFO    SenderThread:16247 [sender.py:transition_state():587] send defer: 6
2023-03-09 16:23:46,836 DEBUG   HandlerThread:16247 [handler.py:handle_request():144] handle_request: defer
2023-03-09 16:23:46,836 INFO    HandlerThread:16247 [handler.py:handle_request_defer():170] handle defer: 6
2023-03-09 16:23:46,836 DEBUG   SenderThread:16247 [sender.py:send_request():363] send_request: defer
2023-03-09 16:23:46,836 INFO    SenderThread:16247 [sender.py:send_request_defer():583] handle sender defer: 6
2023-03-09 16:23:46,837 INFO    SenderThread:16247 [sender.py:transition_state():587] send defer: 7
2023-03-09 16:23:46,837 DEBUG   HandlerThread:16247 [handler.py:handle_request():144] handle_request: status_report
2023-03-09 16:23:46,837 DEBUG   HandlerThread:16247 [handler.py:handle_request():144] handle_request: defer
2023-03-09 16:23:46,837 INFO    HandlerThread:16247 [handler.py:handle_request_defer():170] handle defer: 7
2023-03-09 16:23:46,837 DEBUG   SenderThread:16247 [sender.py:send_request():363] send_request: defer
2023-03-09 16:23:46,837 INFO    SenderThread:16247 [sender.py:send_request_defer():583] handle sender defer: 7
2023-03-09 16:23:47,747 INFO    Thread-13 :16247 [dir_watcher.py:_on_file_modified():292] file/dir modified: /Users/crysiswar999/Documents/GitHub/CS6910-Assignment-1/wandb/run-20230309_162159-sdiizf0t/files/wandb-summary.json
2023-03-09 16:23:47,752 INFO    SenderThread:16247 [sender.py:transition_state():587] send defer: 8
2023-03-09 16:23:47,753 DEBUG   HandlerThread:16247 [handler.py:handle_request():144] handle_request: defer
2023-03-09 16:23:47,753 INFO    HandlerThread:16247 [handler.py:handle_request_defer():170] handle defer: 8
2023-03-09 16:23:47,753 DEBUG   SenderThread:16247 [sender.py:send_request():363] send_request: defer
2023-03-09 16:23:47,753 INFO    SenderThread:16247 [sender.py:send_request_defer():583] handle sender defer: 8
2023-03-09 16:23:47,753 INFO    SenderThread:16247 [sender.py:transition_state():587] send defer: 9
2023-03-09 16:23:47,753 DEBUG   HandlerThread:16247 [handler.py:handle_request():144] handle_request: defer
2023-03-09 16:23:47,753 INFO    HandlerThread:16247 [handler.py:handle_request_defer():170] handle defer: 9
2023-03-09 16:23:47,753 DEBUG   SenderThread:16247 [sender.py:send_request():363] send_request: defer
2023-03-09 16:23:47,753 INFO    SenderThread:16247 [sender.py:send_request_defer():583] handle sender defer: 9
2023-03-09 16:23:47,754 INFO    SenderThread:16247 [dir_watcher.py:finish():362] shutting down directory watcher
2023-03-09 16:23:47,804 DEBUG   HandlerThread:16247 [handler.py:handle_request():144] handle_request: poll_exit
2023-03-09 16:23:48,751 INFO    SenderThread:16247 [dir_watcher.py:_on_file_modified():292] file/dir modified: /Users/crysiswar999/Documents/GitHub/CS6910-Assignment-1/wandb/run-20230309_162159-sdiizf0t/files/output.log
2023-03-09 16:23:48,754 INFO    SenderThread:16247 [dir_watcher.py:finish():392] scan: /Users/crysiswar999/Documents/GitHub/CS6910-Assignment-1/wandb/run-20230309_162159-sdiizf0t/files
2023-03-09 16:23:48,754 INFO    SenderThread:16247 [dir_watcher.py:finish():406] scan save: /Users/crysiswar999/Documents/GitHub/CS6910-Assignment-1/wandb/run-20230309_162159-sdiizf0t/files/requirements.txt requirements.txt
2023-03-09 16:23:48,754 INFO    SenderThread:16247 [dir_watcher.py:finish():406] scan save: /Users/crysiswar999/Documents/GitHub/CS6910-Assignment-1/wandb/run-20230309_162159-sdiizf0t/files/output.log output.log
2023-03-09 16:23:48,754 INFO    SenderThread:16247 [dir_watcher.py:finish():406] scan save: /Users/crysiswar999/Documents/GitHub/CS6910-Assignment-1/wandb/run-20230309_162159-sdiizf0t/files/config.yaml config.yaml
2023-03-09 16:23:48,755 INFO    SenderThread:16247 [dir_watcher.py:finish():406] scan save: /Users/crysiswar999/Documents/GitHub/CS6910-Assignment-1/wandb/run-20230309_162159-sdiizf0t/files/wandb-summary.json wandb-summary.json
2023-03-09 16:23:48,766 INFO    SenderThread:16247 [dir_watcher.py:finish():406] scan save: /Users/crysiswar999/Documents/GitHub/CS6910-Assignment-1/wandb/run-20230309_162159-sdiizf0t/files/wandb-metadata.json wandb-metadata.json
2023-03-09 16:23:48,767 INFO    SenderThread:16247 [sender.py:transition_state():587] send defer: 10
2023-03-09 16:23:48,767 DEBUG   SenderThread:16247 [sender.py:send_request():363] send_request: poll_exit
2023-03-09 16:23:48,768 DEBUG   HandlerThread:16247 [handler.py:handle_request():144] handle_request: defer
2023-03-09 16:23:48,768 INFO    HandlerThread:16247 [handler.py:handle_request_defer():170] handle defer: 10
2023-03-09 16:23:48,774 DEBUG   SenderThread:16247 [sender.py:send_request():363] send_request: defer
2023-03-09 16:23:48,774 INFO    SenderThread:16247 [sender.py:send_request_defer():583] handle sender defer: 10
2023-03-09 16:23:48,774 INFO    SenderThread:16247 [file_pusher.py:finish():162] shutting down file pusher
2023-03-09 16:23:48,810 DEBUG   HandlerThread:16247 [handler.py:handle_request():144] handle_request: poll_exit
2023-03-09 16:23:48,811 DEBUG   SenderThread:16247 [sender.py:send_request():363] send_request: poll_exit
2023-03-09 16:23:49,127 ERROR   Thread-12 (_thread_body):16247 [step_upload.py:_handle_event():141] Failed to upload file: /Users/crysiswar999/Documents/GitHub/CS6910-Assignment-1/wandb/run-20230309_162159-sdiizf0t/files/config.yaml
Traceback (most recent call last):
  File "/opt/homebrew/lib/python3.10/site-packages/wandb/apis/normalize.py", line 26, in wrapper
    return func(*args, **kwargs)
  File "/opt/homebrew/lib/python3.10/site-packages/wandb/sdk/internal/internal_api.py", line 1769, in upload_urls
    raise CommError(f"Run does not exist {entity}/{project}/{run_id}.")
wandb.errors.CommError: Run does not exist cs22m031/CS6910_DL_assignment_1/sdiizf0t.

During handling of the above exception, another exception occurred:

Traceback (most recent call last):
  File "/opt/homebrew/Cellar/python@3.10/3.10.6_2/Frameworks/Python.framework/Versions/3.10/lib/python3.10/concurrent/futures/thread.py", line 58, in run
    result = self.fn(*self.args, **self.kwargs)
  File "/opt/homebrew/lib/python3.10/site-packages/wandb/filesync/step_upload.py", line 235, in run_and_notify
    job.run()
  File "/opt/homebrew/lib/python3.10/site-packages/wandb/filesync/upload_job.py", line 62, in run
    self.push()
  File "/opt/homebrew/lib/python3.10/site-packages/wandb/filesync/upload_job.py", line 113, in push
    _, upload_headers, result = self._api.upload_urls(project, [self.save_name])
  File "/opt/homebrew/lib/python3.10/site-packages/wandb/apis/normalize.py", line 64, in wrapper
    raise CommError(message, err).with_traceback(sys.exc_info()[2])
  File "/opt/homebrew/lib/python3.10/site-packages/wandb/apis/normalize.py", line 26, in wrapper
    return func(*args, **kwargs)
  File "/opt/homebrew/lib/python3.10/site-packages/wandb/sdk/internal/internal_api.py", line 1769, in upload_urls
    raise CommError(f"Run does not exist {entity}/{project}/{run_id}.")
wandb.errors.CommError: Run does not exist cs22m031/CS6910_DL_assignment_1/sdiizf0t.
2023-03-09 16:23:49,151 ERROR   Thread-12 (_thread_body):16247 [step_upload.py:_handle_event():141] Failed to upload file: /Users/crysiswar999/Documents/GitHub/CS6910-Assignment-1/wandb/run-20230309_162159-sdiizf0t/files/wandb-summary.json
Traceback (most recent call last):
  File "/opt/homebrew/lib/python3.10/site-packages/wandb/apis/normalize.py", line 26, in wrapper
    return func(*args, **kwargs)
  File "/opt/homebrew/lib/python3.10/site-packages/wandb/sdk/internal/internal_api.py", line 1769, in upload_urls
    raise CommError(f"Run does not exist {entity}/{project}/{run_id}.")
wandb.errors.CommError: Run does not exist cs22m031/CS6910_DL_assignment_1/sdiizf0t.

During handling of the above exception, another exception occurred:

Traceback (most recent call last):
  File "/opt/homebrew/Cellar/python@3.10/3.10.6_2/Frameworks/Python.framework/Versions/3.10/lib/python3.10/concurrent/futures/thread.py", line 58, in run
    result = self.fn(*self.args, **self.kwargs)
  File "/opt/homebrew/lib/python3.10/site-packages/wandb/filesync/step_upload.py", line 235, in run_and_notify
    job.run()
  File "/opt/homebrew/lib/python3.10/site-packages/wandb/filesync/upload_job.py", line 62, in run
    self.push()
  File "/opt/homebrew/lib/python3.10/site-packages/wandb/filesync/upload_job.py", line 113, in push
    _, upload_headers, result = self._api.upload_urls(project, [self.save_name])
  File "/opt/homebrew/lib/python3.10/site-packages/wandb/apis/normalize.py", line 64, in wrapper
    raise CommError(message, err).with_traceback(sys.exc_info()[2])
  File "/opt/homebrew/lib/python3.10/site-packages/wandb/apis/normalize.py", line 26, in wrapper
    return func(*args, **kwargs)
  File "/opt/homebrew/lib/python3.10/site-packages/wandb/sdk/internal/internal_api.py", line 1769, in upload_urls
    raise CommError(f"Run does not exist {entity}/{project}/{run_id}.")
wandb.errors.CommError: Run does not exist cs22m031/CS6910_DL_assignment_1/sdiizf0t.
2023-03-09 16:23:49,465 ERROR   Thread-12 (_thread_body):16247 [step_upload.py:_handle_event():141] Failed to upload file: /Users/crysiswar999/Documents/GitHub/CS6910-Assignment-1/wandb/run-20230309_162159-sdiizf0t/files/output.log
Traceback (most recent call last):
  File "/opt/homebrew/lib/python3.10/site-packages/wandb/apis/normalize.py", line 26, in wrapper
    return func(*args, **kwargs)
  File "/opt/homebrew/lib/python3.10/site-packages/wandb/sdk/internal/internal_api.py", line 1769, in upload_urls
    raise CommError(f"Run does not exist {entity}/{project}/{run_id}.")
wandb.errors.CommError: Run does not exist cs22m031/CS6910_DL_assignment_1/sdiizf0t.

During handling of the above exception, another exception occurred:

Traceback (most recent call last):
  File "/opt/homebrew/Cellar/python@3.10/3.10.6_2/Frameworks/Python.framework/Versions/3.10/lib/python3.10/concurrent/futures/thread.py", line 58, in run
    result = self.fn(*self.args, **self.kwargs)
  File "/opt/homebrew/lib/python3.10/site-packages/wandb/filesync/step_upload.py", line 235, in run_and_notify
    job.run()
  File "/opt/homebrew/lib/python3.10/site-packages/wandb/filesync/upload_job.py", line 62, in run
    self.push()
  File "/opt/homebrew/lib/python3.10/site-packages/wandb/filesync/upload_job.py", line 113, in push
    _, upload_headers, result = self._api.upload_urls(project, [self.save_name])
  File "/opt/homebrew/lib/python3.10/site-packages/wandb/apis/normalize.py", line 64, in wrapper
    raise CommError(message, err).with_traceback(sys.exc_info()[2])
  File "/opt/homebrew/lib/python3.10/site-packages/wandb/apis/normalize.py", line 26, in wrapper
    return func(*args, **kwargs)
  File "/opt/homebrew/lib/python3.10/site-packages/wandb/sdk/internal/internal_api.py", line 1769, in upload_urls
    raise CommError(f"Run does not exist {entity}/{project}/{run_id}.")
wandb.errors.CommError: Run does not exist cs22m031/CS6910_DL_assignment_1/sdiizf0t.
2023-03-09 16:23:49,815 DEBUG   HandlerThread:16247 [handler.py:handle_request():144] handle_request: poll_exit
2023-03-09 16:23:49,816 DEBUG   SenderThread:16247 [sender.py:send_request():363] send_request: poll_exit
2023-03-09 16:23:51,111 ERROR   Thread-12 (_thread_body):16247 [step_upload.py:_handle_event():141] Failed to upload file: /Users/crysiswar999/Documents/GitHub/CS6910-Assignment-1/wandb/run-20230309_162159-sdiizf0t/files/requirements.txt
Traceback (most recent call last):
  File "/opt/homebrew/lib/python3.10/site-packages/wandb/apis/normalize.py", line 26, in wrapper
    return func(*args, **kwargs)
  File "/opt/homebrew/lib/python3.10/site-packages/wandb/sdk/internal/internal_api.py", line 1769, in upload_urls
    raise CommError(f"Run does not exist {entity}/{project}/{run_id}.")
wandb.errors.CommError: Run does not exist cs22m031/CS6910_DL_assignment_1/sdiizf0t.

During handling of the above exception, another exception occurred:

Traceback (most recent call last):
  File "/opt/homebrew/Cellar/python@3.10/3.10.6_2/Frameworks/Python.framework/Versions/3.10/lib/python3.10/concurrent/futures/thread.py", line 58, in run
    result = self.fn(*self.args, **self.kwargs)
  File "/opt/homebrew/lib/python3.10/site-packages/wandb/filesync/step_upload.py", line 235, in run_and_notify
    job.run()
  File "/opt/homebrew/lib/python3.10/site-packages/wandb/filesync/upload_job.py", line 62, in run
    self.push()
  File "/opt/homebrew/lib/python3.10/site-packages/wandb/filesync/upload_job.py", line 113, in push
    _, upload_headers, result = self._api.upload_urls(project, [self.save_name])
  File "/opt/homebrew/lib/python3.10/site-packages/wandb/apis/normalize.py", line 64, in wrapper
    raise CommError(message, err).with_traceback(sys.exc_info()[2])
  File "/opt/homebrew/lib/python3.10/site-packages/wandb/apis/normalize.py", line 26, in wrapper
    return func(*args, **kwargs)
  File "/opt/homebrew/lib/python3.10/site-packages/wandb/sdk/internal/internal_api.py", line 1769, in upload_urls
    raise CommError(f"Run does not exist {entity}/{project}/{run_id}.")
wandb.errors.CommError: Run does not exist cs22m031/CS6910_DL_assignment_1/sdiizf0t.
2023-03-09 16:23:51,316 INFO    Thread-12 (_thread_body):16247 [sender.py:transition_state():587] send defer: 11
2023-03-09 16:23:51,328 DEBUG   HandlerThread:16247 [handler.py:handle_request():144] handle_request: defer
2023-03-09 16:23:51,328 INFO    HandlerThread:16247 [handler.py:handle_request_defer():170] handle defer: 11
2023-03-09 16:23:51,328 DEBUG   SenderThread:16247 [sender.py:send_request():363] send_request: defer
2023-03-09 16:23:51,328 INFO    SenderThread:16247 [sender.py:send_request_defer():583] handle sender defer: 11
2023-03-09 16:23:51,329 INFO    SenderThread:16247 [file_pusher.py:join():167] waiting for file pusher
2023-03-09 16:23:51,329 INFO    SenderThread:16247 [sender.py:transition_state():587] send defer: 12
2023-03-09 16:23:51,329 DEBUG   HandlerThread:16247 [handler.py:handle_request():144] handle_request: defer
2023-03-09 16:23:51,329 INFO    HandlerThread:16247 [handler.py:handle_request_defer():170] handle defer: 12
2023-03-09 16:23:51,329 DEBUG   SenderThread:16247 [sender.py:send_request():363] send_request: defer
2023-03-09 16:23:51,329 INFO    SenderThread:16247 [sender.py:send_request_defer():583] handle sender defer: 12
2023-03-09 16:23:51,643 ERROR   FileStreamThread:16247 [file_stream.py:_thread_except_body():493] generic exception in filestream thread
Traceback (most recent call last):
  File "/opt/homebrew/lib/python3.10/site-packages/wandb/sdk/internal/file_stream.py", line 489, in _thread_except_body
    self._thread_body()
  File "/opt/homebrew/lib/python3.10/site-packages/wandb/sdk/internal/file_stream.py", line 445, in _thread_body
    success = self._send(ready_chunks, uploaded=uploaded)
  File "/opt/homebrew/lib/python3.10/site-packages/wandb/sdk/internal/file_stream.py", line 534, in _send
    self._handle_response(
  File "/opt/homebrew/lib/python3.10/site-packages/wandb/sdk/internal/file_stream.py", line 500, in _handle_response
    wandb.termerror(
  File "/opt/homebrew/lib/python3.10/site-packages/wandb/errors/term.py", line 61, in termerror
    _log(
  File "/opt/homebrew/lib/python3.10/site-packages/wandb/errors/term.py", line 95, in _log
    click.echo(line, file=sys.stderr, nl=newline)
  File "/opt/homebrew/lib/python3.10/site-packages/click/utils.py", line 299, in echo
    file.write(out)  # type: ignore
BrokenPipeError: [Errno 32] Broken pipe
2023-03-09 16:23:52,766 WARNING StreamThr :16247 [internal.py:is_dead():415] Internal process exiting, parent pid 15832 disappeared
2023-03-09 16:23:52,767 ERROR   StreamThr :16247 [internal.py:wandb_internal():153] Internal process shutdown.
2023-03-09 16:23:53,339 INFO    HandlerThread:16247 [handler.py:finish():841] shutting down handler
2023-03-09 16:23:53,339 INFO    WriterThread:16247 [datastore.py:close():299] close: /Users/crysiswar999/Documents/GitHub/CS6910-Assignment-1/wandb/run-20230309_162159-sdiizf0t/run-sdiizf0t.wandb
2023-03-09 16:23:53,653 ERROR   SenderThread:16247 [file_stream.py:finish():598] FileStream exception
Traceback (most recent call last):
  File "/opt/homebrew/lib/python3.10/site-packages/wandb/sdk/internal/file_stream.py", line 489, in _thread_except_body
    self._thread_body()
  File "/opt/homebrew/lib/python3.10/site-packages/wandb/sdk/internal/file_stream.py", line 445, in _thread_body
    success = self._send(ready_chunks, uploaded=uploaded)
  File "/opt/homebrew/lib/python3.10/site-packages/wandb/sdk/internal/file_stream.py", line 534, in _send
    self._handle_response(
  File "/opt/homebrew/lib/python3.10/site-packages/wandb/sdk/internal/file_stream.py", line 500, in _handle_response
    wandb.termerror(
  File "/opt/homebrew/lib/python3.10/site-packages/wandb/errors/term.py", line 61, in termerror
    _log(
  File "/opt/homebrew/lib/python3.10/site-packages/wandb/errors/term.py", line 95, in _log
    click.echo(line, file=sys.stderr, nl=newline)
  File "/opt/homebrew/lib/python3.10/site-packages/click/utils.py", line 299, in echo
    file.write(out)  # type: ignore
BrokenPipeError: [Errno 32] Broken pipe
2023-03-09 16:23:53,653 ERROR   StreamThr :16247 [internal.py:wandb_internal():175] Thread SenderThread:
Traceback (most recent call last):
  File "/opt/homebrew/lib/python3.10/site-packages/wandb/sdk/internal/internal_util.py", line 49, in run
    self._run()
  File "/opt/homebrew/lib/python3.10/site-packages/wandb/sdk/internal/internal_util.py", line 100, in _run
    self._process(record)
  File "/opt/homebrew/lib/python3.10/site-packages/wandb/sdk/internal/internal.py", line 329, in _process
    self._sm.send(record)
  File "/opt/homebrew/lib/python3.10/site-packages/wandb/sdk/internal/sender.py", line 343, in send
    send_handler(record)
  File "/opt/homebrew/lib/python3.10/site-packages/wandb/sdk/internal/sender.py", line 365, in send_request
    send_handler(record)
  File "/opt/homebrew/lib/python3.10/site-packages/wandb/sdk/internal/sender.py", line 638, in send_request_defer
    self._fs.finish(self._exit_code)
  File "/opt/homebrew/lib/python3.10/site-packages/wandb/sdk/internal/file_stream.py", line 601, in finish
    raise self._exc_info[1].with_traceback(self._exc_info[2])
  File "/opt/homebrew/lib/python3.10/site-packages/wandb/sdk/internal/file_stream.py", line 489, in _thread_except_body
    self._thread_body()
  File "/opt/homebrew/lib/python3.10/site-packages/wandb/sdk/internal/file_stream.py", line 445, in _thread_body
    success = self._send(ready_chunks, uploaded=uploaded)
  File "/opt/homebrew/lib/python3.10/site-packages/wandb/sdk/internal/file_stream.py", line 534, in _send
    self._handle_response(
  File "/opt/homebrew/lib/python3.10/site-packages/wandb/sdk/internal/file_stream.py", line 500, in _handle_response
    wandb.termerror(
  File "/opt/homebrew/lib/python3.10/site-packages/wandb/errors/term.py", line 61, in termerror
    _log(
  File "/opt/homebrew/lib/python3.10/site-packages/wandb/errors/term.py", line 95, in _log
    click.echo(line, file=sys.stderr, nl=newline)
  File "/opt/homebrew/lib/python3.10/site-packages/click/utils.py", line 299, in echo
    file.write(out)  # type: ignore
BrokenPipeError: [Errno 32] Broken pipe
