2023-03-09 16:18:33,365 INFO    StreamThr :16076 [internal.py:wandb_internal():87] W&B internal server running at pid: 16076, started at: 2023-03-09 16:18:33.365023
2023-03-09 16:18:33,366 DEBUG   HandlerThread:16076 [handler.py:handle_request():144] handle_request: status
2023-03-09 16:18:33,377 INFO    WriterThread:16076 [datastore.py:open_for_write():85] open: /Users/crysiswar999/Documents/GitHub/CS6910-Assignment-1/wandb/run-20230309_161833-p3kupndf/run-p3kupndf.wandb
2023-03-09 16:18:33,377 DEBUG   SenderThread:16076 [sender.py:send():336] send: header
2023-03-09 16:18:33,402 DEBUG   SenderThread:16076 [sender.py:send():336] send: run
2023-03-09 16:18:34,469 INFO    SenderThread:16076 [dir_watcher.py:__init__():216] watching files in: /Users/crysiswar999/Documents/GitHub/CS6910-Assignment-1/wandb/run-20230309_161833-p3kupndf/files
2023-03-09 16:18:34,469 INFO    SenderThread:16076 [sender.py:_start_run_threads():1067] run started: p3kupndf with start time 1678358913.366024
2023-03-09 16:18:34,469 DEBUG   SenderThread:16076 [sender.py:send_request():363] send_request: summary_record
2023-03-09 16:18:34,469 INFO    SenderThread:16076 [sender.py:_save_file():1321] saving file wandb-summary.json with policy end
2023-03-09 16:18:34,473 DEBUG   HandlerThread:16076 [handler.py:handle_request():144] handle_request: check_version
2023-03-09 16:18:34,473 DEBUG   SenderThread:16076 [sender.py:send_request():363] send_request: check_version
2023-03-09 16:18:34,546 DEBUG   HandlerThread:16076 [handler.py:handle_request():144] handle_request: run_start
2023-03-09 16:18:34,564 DEBUG   HandlerThread:16076 [system_info.py:__init__():31] System info init
2023-03-09 16:18:34,564 DEBUG   HandlerThread:16076 [system_info.py:__init__():46] System info init done
2023-03-09 16:18:34,564 INFO    HandlerThread:16076 [system_monitor.py:start():151] Starting system monitor
2023-03-09 16:18:34,564 INFO    SystemMonitor:16076 [system_monitor.py:_start():116] Starting system asset monitoring threads
2023-03-09 16:18:34,564 INFO    HandlerThread:16076 [system_monitor.py:probe():172] Collecting system info
2023-03-09 16:18:34,565 INFO    SystemMonitor:16076 [interfaces.py:start():168] Started cpu
2023-03-09 16:18:34,565 DEBUG   HandlerThread:16076 [system_info.py:probe():195] Probing system
2023-03-09 16:18:34,565 INFO    SystemMonitor:16076 [interfaces.py:start():168] Started disk
2023-03-09 16:18:34,565 INFO    SystemMonitor:16076 [interfaces.py:start():168] Started gpuapple
2023-03-09 16:18:34,566 INFO    SystemMonitor:16076 [interfaces.py:start():168] Started memory
2023-03-09 16:18:34,569 INFO    SystemMonitor:16076 [interfaces.py:start():168] Started network
2023-03-09 16:18:34,574 DEBUG   HandlerThread:16076 [system_info.py:_probe_git():180] Probing git
2023-03-09 16:18:34,600 DEBUG   HandlerThread:16076 [system_info.py:_probe_git():188] Probing git done
2023-03-09 16:18:34,600 DEBUG   HandlerThread:16076 [system_info.py:probe():241] Probing system done
2023-03-09 16:18:34,600 DEBUG   HandlerThread:16076 [system_monitor.py:probe():181] {'os': 'macOS-12.6-arm64-arm-64bit', 'python': '3.10.6', 'heartbeatAt': '2023-03-09T10:48:34.565521', 'startedAt': '2023-03-09T10:48:33.343803', 'docker': None, 'cuda': None, 'args': None, 'state': 'running', 'program': 'Assignment_1-jvsc-758159b6-52af-4afb-90f4-0c05d355999c22efa6cf-d72e-4bb5-92a0-eccc7bcbbac5.ipynb', 'root': '/Users/crysiswar999/Documents/GitHub/CS6910-Assignment-1', 'git': {'remote': 'https://github.com/Bibhuti-Majhi/CS6910-Assignment-1.git', 'commit': '4067a0e3961d064cc98e6f0e3287cc392c556cf1'}, 'email': 'cs22m031@smail.iitm.ac.in', 'host': 'Bibhutis-MacBook-Air.local', 'username': 'crysiswar999', 'executable': '/opt/homebrew/opt/python@3.10/bin/python3.10', 'cpu_count': 8, 'cpu_count_logical': 8, 'disk': {'total': 228.27386474609375, 'used': 98.8542366027832}, 'gpuapple': {'type': 'arm', 'vendor': 'Apple'}, 'memory': {'total': 8.0}}
2023-03-09 16:18:34,600 INFO    HandlerThread:16076 [system_monitor.py:probe():182] Finished collecting system info
2023-03-09 16:18:34,600 INFO    HandlerThread:16076 [system_monitor.py:probe():185] Publishing system info
2023-03-09 16:18:34,600 DEBUG   HandlerThread:16076 [system_info.py:_save_pip():51] Saving list of pip packages installed into the current environment
2023-03-09 16:18:34,601 DEBUG   HandlerThread:16076 [system_info.py:_save_pip():67] Saving pip packages done
2023-03-09 16:18:34,601 INFO    HandlerThread:16076 [system_monitor.py:probe():187] Finished publishing system info
2023-03-09 16:18:34,610 DEBUG   SenderThread:16076 [sender.py:send():336] send: files
2023-03-09 16:18:34,610 INFO    SenderThread:16076 [sender.py:_save_file():1321] saving file wandb-metadata.json with policy now
2023-03-09 16:18:34,619 DEBUG   HandlerThread:16076 [handler.py:handle_request():144] handle_request: stop_status
2023-03-09 16:18:34,619 DEBUG   SenderThread:16076 [sender.py:send_request():363] send_request: stop_status
2023-03-09 16:18:34,980 DEBUG   SenderThread:16076 [sender.py:send():336] send: telemetry
2023-03-09 16:18:35,476 INFO    Thread-13 :16076 [dir_watcher.py:_on_file_created():275] file/dir created: /Users/crysiswar999/Documents/GitHub/CS6910-Assignment-1/wandb/run-20230309_161833-p3kupndf/files/wandb-metadata.json
2023-03-09 16:18:35,476 INFO    Thread-13 :16076 [dir_watcher.py:_on_file_created():275] file/dir created: /Users/crysiswar999/Documents/GitHub/CS6910-Assignment-1/wandb/run-20230309_161833-p3kupndf/files/wandb-summary.json
2023-03-09 16:18:35,476 INFO    Thread-13 :16076 [dir_watcher.py:_on_file_created():275] file/dir created: /Users/crysiswar999/Documents/GitHub/CS6910-Assignment-1/wandb/run-20230309_161833-p3kupndf/files/requirements.txt
2023-03-09 16:18:35,510 INFO    wandb-upload_0:16076 [upload_job.py:push():138] Uploaded file /var/folders/lj/kz71w7bd4jq365nsc0cjx4mr0000gn/T/tmp9jdjza26wandb/jxebzb4y-wandb-metadata.json
2023-03-09 16:18:37,490 INFO    Thread-13 :16076 [dir_watcher.py:_on_file_created():275] file/dir created: /Users/crysiswar999/Documents/GitHub/CS6910-Assignment-1/wandb/run-20230309_161833-p3kupndf/files/output.log
2023-03-09 16:18:39,067 DEBUG   HandlerThread:16076 [handler.py:handle_request():144] handle_request: status_report
2023-03-09 16:18:39,499 INFO    Thread-13 :16076 [dir_watcher.py:_on_file_modified():292] file/dir modified: /Users/crysiswar999/Documents/GitHub/CS6910-Assignment-1/wandb/run-20230309_161833-p3kupndf/files/output.log
2023-03-09 16:18:44,087 DEBUG   HandlerThread:16076 [handler.py:handle_request():144] handle_request: status_report
2023-03-09 16:18:47,975 DEBUG   HandlerThread:16076 [handler.py:handle_request():144] handle_request: partial_history
2023-03-09 16:18:47,982 DEBUG   SenderThread:16076 [sender.py:send():336] send: history
2023-03-09 16:18:47,982 DEBUG   SenderThread:16076 [sender.py:send_request():363] send_request: summary_record
2023-03-09 16:18:47,985 INFO    SenderThread:16076 [sender.py:_save_file():1321] saving file wandb-summary.json with policy end
2023-03-09 16:18:48,542 INFO    Thread-13 :16076 [dir_watcher.py:_on_file_modified():292] file/dir modified: /Users/crysiswar999/Documents/GitHub/CS6910-Assignment-1/wandb/run-20230309_161833-p3kupndf/files/wandb-summary.json
2023-03-09 16:18:49,622 DEBUG   HandlerThread:16076 [handler.py:handle_request():144] handle_request: keepalive
2023-03-09 16:18:49,996 DEBUG   HandlerThread:16076 [handler.py:handle_request():144] handle_request: status_report
2023-03-09 16:18:54,648 DEBUG   HandlerThread:16076 [handler.py:handle_request():144] handle_request: keepalive
2023-03-09 16:18:55,023 DEBUG   HandlerThread:16076 [handler.py:handle_request():144] handle_request: status_report
2023-03-09 16:18:59,671 DEBUG   HandlerThread:16076 [handler.py:handle_request():144] handle_request: keepalive
2023-03-09 16:18:59,741 DEBUG   HandlerThread:16076 [handler.py:handle_request():144] handle_request: partial_history
2023-03-09 16:18:59,743 DEBUG   SenderThread:16076 [sender.py:send():336] send: history
2023-03-09 16:18:59,743 DEBUG   SenderThread:16076 [sender.py:send_request():363] send_request: summary_record
2023-03-09 16:18:59,744 INFO    SenderThread:16076 [sender.py:_save_file():1321] saving file wandb-summary.json with policy end
2023-03-09 16:19:00,619 INFO    Thread-13 :16076 [dir_watcher.py:_on_file_modified():292] file/dir modified: /Users/crysiswar999/Documents/GitHub/CS6910-Assignment-1/wandb/run-20230309_161833-p3kupndf/files/wandb-summary.json
2023-03-09 16:19:00,761 DEBUG   HandlerThread:16076 [handler.py:handle_request():144] handle_request: status_report
2023-03-09 16:19:04,433 DEBUG   HandlerThread:16076 [handler.py:handle_request():144] handle_request: pause
2023-03-09 16:19:04,433 INFO    HandlerThread:16076 [handler.py:handle_request_pause():717] stopping system metrics thread or process
2023-03-09 16:19:04,433 INFO    HandlerThread:16076 [system_monitor.py:finish():161] Stopping system monitor
2023-03-09 16:19:04,459 DEBUG   SystemMonitor:16076 [system_monitor.py:_start():130] Starting system metrics aggregation loop
2023-03-09 16:19:04,459 DEBUG   SystemMonitor:16076 [system_monitor.py:_start():137] Finished system metrics aggregation loop
2023-03-09 16:19:04,459 DEBUG   SystemMonitor:16076 [system_monitor.py:_start():141] Publishing last batch of metrics
2023-03-09 16:19:04,461 INFO    HandlerThread:16076 [interfaces.py:finish():175] Joined cpu
2023-03-09 16:19:04,461 INFO    HandlerThread:16076 [interfaces.py:finish():175] Joined disk
2023-03-09 16:19:04,706 INFO    HandlerThread:16076 [interfaces.py:finish():175] Joined gpuapple
2023-03-09 16:19:04,707 INFO    HandlerThread:16076 [interfaces.py:finish():175] Joined memory
2023-03-09 16:19:04,707 INFO    HandlerThread:16076 [interfaces.py:finish():175] Joined network
2023-03-09 16:19:04,707 DEBUG   HandlerThread:16076 [handler.py:handle_request():144] handle_request: keepalive
2023-03-09 16:19:04,709 DEBUG   SenderThread:16076 [sender.py:send():336] send: telemetry
2023-03-09 16:19:04,709 DEBUG   SenderThread:16076 [sender.py:send():336] send: stats
2023-03-09 16:19:05,647 INFO    Thread-13 :16076 [dir_watcher.py:_on_file_modified():292] file/dir modified: /Users/crysiswar999/Documents/GitHub/CS6910-Assignment-1/wandb/run-20230309_161833-p3kupndf/files/output.log
2023-03-09 16:19:06,722 DEBUG   HandlerThread:16076 [handler.py:handle_request():144] handle_request: status_report
2023-03-09 16:19:07,663 INFO    Thread-13 :16076 [dir_watcher.py:_on_file_modified():292] file/dir modified: /Users/crysiswar999/Documents/GitHub/CS6910-Assignment-1/wandb/run-20230309_161833-p3kupndf/files/config.yaml
2023-03-09 16:19:09,719 DEBUG   HandlerThread:16076 [handler.py:handle_request():144] handle_request: keepalive
2023-03-09 16:19:12,101 DEBUG   HandlerThread:16076 [handler.py:handle_request():144] handle_request: status_report
2023-03-09 16:19:14,767 DEBUG   HandlerThread:16076 [handler.py:handle_request():144] handle_request: keepalive
2023-03-09 16:19:15,021 DEBUG   HandlerThread:16076 [handler.py:handle_request():144] handle_request: partial_history
2023-03-09 16:19:15,023 DEBUG   SenderThread:16076 [sender.py:send():336] send: history
2023-03-09 16:19:15,023 DEBUG   SenderThread:16076 [sender.py:send_request():363] send_request: summary_record
2023-03-09 16:19:15,026 INFO    SenderThread:16076 [sender.py:_save_file():1321] saving file wandb-summary.json with policy end
2023-03-09 16:19:15,715 INFO    Thread-13 :16076 [dir_watcher.py:_on_file_modified():292] file/dir modified: /Users/crysiswar999/Documents/GitHub/CS6910-Assignment-1/wandb/run-20230309_161833-p3kupndf/files/wandb-summary.json
2023-03-09 16:19:18,042 DEBUG   HandlerThread:16076 [handler.py:handle_request():144] handle_request: status_report
2023-03-09 16:19:19,815 DEBUG   HandlerThread:16076 [handler.py:handle_request():144] handle_request: keepalive
2023-03-09 16:19:23,067 DEBUG   HandlerThread:16076 [handler.py:handle_request():144] handle_request: status_report
2023-03-09 16:19:24,837 DEBUG   HandlerThread:16076 [handler.py:handle_request():144] handle_request: keepalive
2023-03-09 16:19:26,908 DEBUG   HandlerThread:16076 [handler.py:handle_request():144] handle_request: partial_history
2023-03-09 16:19:26,923 DEBUG   SenderThread:16076 [sender.py:send():336] send: history
2023-03-09 16:19:26,923 DEBUG   SenderThread:16076 [sender.py:send_request():363] send_request: summary_record
2023-03-09 16:19:26,924 INFO    SenderThread:16076 [sender.py:_save_file():1321] saving file wandb-summary.json with policy end
2023-03-09 16:19:27,777 INFO    Thread-13 :16076 [dir_watcher.py:_on_file_modified():292] file/dir modified: /Users/crysiswar999/Documents/GitHub/CS6910-Assignment-1/wandb/run-20230309_161833-p3kupndf/files/wandb-summary.json
2023-03-09 16:19:28,932 DEBUG   HandlerThread:16076 [handler.py:handle_request():144] handle_request: status_report
2023-03-09 16:19:29,859 DEBUG   HandlerThread:16076 [handler.py:handle_request():144] handle_request: keepalive
2023-03-09 16:19:33,962 DEBUG   HandlerThread:16076 [handler.py:handle_request():144] handle_request: status_report
2023-03-09 16:19:34,890 DEBUG   HandlerThread:16076 [handler.py:handle_request():144] handle_request: keepalive
2023-03-09 16:19:38,282 DEBUG   HandlerThread:16076 [handler.py:handle_request():144] handle_request: partial_history
2023-03-09 16:19:38,288 DEBUG   SenderThread:16076 [sender.py:send():336] send: history
2023-03-09 16:19:38,288 DEBUG   SenderThread:16076 [sender.py:send_request():363] send_request: summary_record
2023-03-09 16:19:38,291 INFO    SenderThread:16076 [sender.py:_save_file():1321] saving file wandb-summary.json with policy end
2023-03-09 16:19:38,829 INFO    Thread-13 :16076 [dir_watcher.py:_on_file_modified():292] file/dir modified: /Users/crysiswar999/Documents/GitHub/CS6910-Assignment-1/wandb/run-20230309_161833-p3kupndf/files/wandb-summary.json
2023-03-09 16:19:39,623 DEBUG   HandlerThread:16076 [handler.py:handle_request():144] handle_request: status_report
2023-03-09 16:19:39,836 INFO    Thread-13 :16076 [dir_watcher.py:_on_file_modified():292] file/dir modified: /Users/crysiswar999/Documents/GitHub/CS6910-Assignment-1/wandb/run-20230309_161833-p3kupndf/files/output.log
2023-03-09 16:19:39,942 DEBUG   HandlerThread:16076 [handler.py:handle_request():144] handle_request: keepalive
2023-03-09 16:19:44,647 DEBUG   HandlerThread:16076 [handler.py:handle_request():144] handle_request: status_report
2023-03-09 16:19:44,959 DEBUG   HandlerThread:16076 [handler.py:handle_request():144] handle_request: keepalive
2023-03-09 16:19:49,991 DEBUG   HandlerThread:16076 [handler.py:handle_request():144] handle_request: keepalive
2023-03-09 16:19:50,499 DEBUG   HandlerThread:16076 [handler.py:handle_request():144] handle_request: partial_history
2023-03-09 16:19:50,511 DEBUG   HandlerThread:16076 [handler.py:handle_request():144] handle_request: status_report
2023-03-09 16:19:50,520 DEBUG   SenderThread:16076 [sender.py:send():336] send: history
2023-03-09 16:19:50,520 DEBUG   SenderThread:16076 [sender.py:send_request():363] send_request: summary_record
2023-03-09 16:19:50,521 INFO    SenderThread:16076 [sender.py:_save_file():1321] saving file wandb-summary.json with policy end
2023-03-09 16:19:50,893 INFO    Thread-13 :16076 [dir_watcher.py:_on_file_modified():292] file/dir modified: /Users/crysiswar999/Documents/GitHub/CS6910-Assignment-1/wandb/run-20230309_161833-p3kupndf/files/wandb-summary.json
2023-03-09 16:19:51,903 INFO    Thread-13 :16076 [dir_watcher.py:_on_file_modified():292] file/dir modified: /Users/crysiswar999/Documents/GitHub/CS6910-Assignment-1/wandb/run-20230309_161833-p3kupndf/files/output.log
2023-03-09 16:19:55,010 DEBUG   HandlerThread:16076 [handler.py:handle_request():144] handle_request: keepalive
2023-03-09 16:19:55,558 DEBUG   HandlerThread:16076 [handler.py:handle_request():144] handle_request: status_report
2023-03-09 16:20:00,056 DEBUG   HandlerThread:16076 [handler.py:handle_request():144] handle_request: keepalive
2023-03-09 16:20:00,530 DEBUG   HandlerThread:16076 [handler.py:handle_request():144] handle_request: partial_history
2023-03-09 16:20:00,532 DEBUG   SenderThread:16076 [sender.py:send():336] send: history
2023-03-09 16:20:00,532 DEBUG   SenderThread:16076 [sender.py:send_request():363] send_request: summary_record
2023-03-09 16:20:00,533 INFO    SenderThread:16076 [sender.py:_save_file():1321] saving file wandb-summary.json with policy end
2023-03-09 16:20:00,861 DEBUG   HandlerThread:16076 [handler.py:handle_request():144] handle_request: status_report
2023-03-09 16:20:00,940 INFO    Thread-13 :16076 [dir_watcher.py:_on_file_modified():292] file/dir modified: /Users/crysiswar999/Documents/GitHub/CS6910-Assignment-1/wandb/run-20230309_161833-p3kupndf/files/wandb-summary.json
2023-03-09 16:20:03,958 INFO    Thread-13 :16076 [dir_watcher.py:_on_file_modified():292] file/dir modified: /Users/crysiswar999/Documents/GitHub/CS6910-Assignment-1/wandb/run-20230309_161833-p3kupndf/files/output.log
2023-03-09 16:20:05,075 DEBUG   HandlerThread:16076 [handler.py:handle_request():144] handle_request: keepalive
2023-03-09 16:20:05,879 DEBUG   HandlerThread:16076 [handler.py:handle_request():144] handle_request: status_report
2023-03-09 16:20:10,098 DEBUG   HandlerThread:16076 [handler.py:handle_request():144] handle_request: keepalive
2023-03-09 16:20:10,892 DEBUG   HandlerThread:16076 [handler.py:handle_request():144] handle_request: status_report
2023-03-09 16:20:15,122 DEBUG   HandlerThread:16076 [handler.py:handle_request():144] handle_request: keepalive
2023-03-09 16:20:15,337 DEBUG   HandlerThread:16076 [handler.py:handle_request():144] handle_request: partial_history
2023-03-09 16:20:15,340 DEBUG   SenderThread:16076 [sender.py:send():336] send: history
2023-03-09 16:20:15,340 DEBUG   SenderThread:16076 [sender.py:send_request():363] send_request: summary_record
2023-03-09 16:20:15,341 INFO    SenderThread:16076 [sender.py:_save_file():1321] saving file wandb-summary.json with policy end
2023-03-09 16:20:16,021 INFO    Thread-13 :16076 [dir_watcher.py:_on_file_modified():292] file/dir modified: /Users/crysiswar999/Documents/GitHub/CS6910-Assignment-1/wandb/run-20230309_161833-p3kupndf/files/wandb-summary.json
2023-03-09 16:20:16,022 INFO    Thread-13 :16076 [dir_watcher.py:_on_file_modified():292] file/dir modified: /Users/crysiswar999/Documents/GitHub/CS6910-Assignment-1/wandb/run-20230309_161833-p3kupndf/files/output.log
2023-03-09 16:20:16,347 DEBUG   HandlerThread:16076 [handler.py:handle_request():144] handle_request: status_report
2023-03-09 16:20:20,162 DEBUG   HandlerThread:16076 [handler.py:handle_request():144] handle_request: keepalive
2023-03-09 16:20:21,374 DEBUG   HandlerThread:16076 [handler.py:handle_request():144] handle_request: status_report
2023-03-09 16:20:25,178 DEBUG   HandlerThread:16076 [handler.py:handle_request():144] handle_request: keepalive
2023-03-09 16:20:25,709 DEBUG   HandlerThread:16076 [handler.py:handle_request():144] handle_request: resume
2023-03-09 16:20:25,709 INFO    HandlerThread:16076 [handler.py:handle_request_resume():708] starting system metrics thread or process
2023-03-09 16:20:25,709 INFO    HandlerThread:16076 [system_monitor.py:start():151] Starting system monitor
2023-03-09 16:20:25,709 INFO    SystemMonitor:16076 [system_monitor.py:_start():116] Starting system asset monitoring threads
2023-03-09 16:20:25,710 INFO    SystemMonitor:16076 [interfaces.py:start():168] Started cpu
2023-03-09 16:20:25,711 INFO    SystemMonitor:16076 [interfaces.py:start():168] Started disk
2023-03-09 16:20:25,714 INFO    SystemMonitor:16076 [interfaces.py:start():168] Started gpuapple
2023-03-09 16:20:25,717 INFO    SystemMonitor:16076 [interfaces.py:start():168] Started memory
2023-03-09 16:20:25,718 INFO    SystemMonitor:16076 [interfaces.py:start():168] Started network
2023-03-09 16:20:26,683 DEBUG   HandlerThread:16076 [handler.py:handle_request():144] handle_request: status_report
2023-03-09 16:20:27,564 DEBUG   HandlerThread:16076 [handler.py:handle_request():144] handle_request: partial_history
2023-03-09 16:20:27,567 DEBUG   SenderThread:16076 [sender.py:send():336] send: history
2023-03-09 16:20:27,567 DEBUG   SenderThread:16076 [sender.py:send_request():363] send_request: summary_record
2023-03-09 16:20:27,569 INFO    SenderThread:16076 [sender.py:_save_file():1321] saving file wandb-summary.json with policy end
2023-03-09 16:20:28,064 INFO    Thread-13 :16076 [dir_watcher.py:_on_file_modified():292] file/dir modified: /Users/crysiswar999/Documents/GitHub/CS6910-Assignment-1/wandb/run-20230309_161833-p3kupndf/files/wandb-summary.json
2023-03-09 16:20:28,064 INFO    Thread-13 :16076 [dir_watcher.py:_on_file_modified():292] file/dir modified: /Users/crysiswar999/Documents/GitHub/CS6910-Assignment-1/wandb/run-20230309_161833-p3kupndf/files/output.log
2023-03-09 16:20:28,336 DEBUG   SenderThread:16076 [sender.py:send():336] send: exit
2023-03-09 16:20:28,337 INFO    SenderThread:16076 [sender.py:send_exit():559] handling exit code: 0
2023-03-09 16:20:28,337 INFO    SenderThread:16076 [sender.py:send_exit():561] handling runtime: 32
2023-03-09 16:20:28,337 INFO    SenderThread:16076 [sender.py:_save_file():1321] saving file wandb-summary.json with policy end
2023-03-09 16:20:28,337 INFO    SenderThread:16076 [sender.py:send_exit():567] send defer
2023-03-09 16:20:28,338 DEBUG   HandlerThread:16076 [handler.py:handle_request():144] handle_request: defer
2023-03-09 16:20:28,338 INFO    HandlerThread:16076 [handler.py:handle_request_defer():170] handle defer: 0
2023-03-09 16:20:28,338 DEBUG   SenderThread:16076 [sender.py:send_request():363] send_request: defer
2023-03-09 16:20:28,338 INFO    SenderThread:16076 [sender.py:send_request_defer():583] handle sender defer: 0
2023-03-09 16:20:28,338 INFO    SenderThread:16076 [sender.py:transition_state():587] send defer: 1
2023-03-09 16:20:28,338 DEBUG   HandlerThread:16076 [handler.py:handle_request():144] handle_request: defer
2023-03-09 16:20:28,338 INFO    HandlerThread:16076 [handler.py:handle_request_defer():170] handle defer: 1
2023-03-09 16:20:28,338 DEBUG   SenderThread:16076 [sender.py:send_request():363] send_request: defer
2023-03-09 16:20:28,338 INFO    SenderThread:16076 [sender.py:send_request_defer():583] handle sender defer: 1
2023-03-09 16:20:28,338 INFO    SenderThread:16076 [sender.py:transition_state():587] send defer: 2
2023-03-09 16:20:28,338 DEBUG   HandlerThread:16076 [handler.py:handle_request():144] handle_request: defer
2023-03-09 16:20:28,338 INFO    HandlerThread:16076 [handler.py:handle_request_defer():170] handle defer: 2
2023-03-09 16:20:28,338 INFO    HandlerThread:16076 [system_monitor.py:finish():161] Stopping system monitor
2023-03-09 16:20:28,352 DEBUG   SystemMonitor:16076 [system_monitor.py:_start():130] Starting system metrics aggregation loop
2023-03-09 16:20:28,352 DEBUG   SystemMonitor:16076 [system_monitor.py:_start():137] Finished system metrics aggregation loop
2023-03-09 16:20:28,352 DEBUG   SystemMonitor:16076 [system_monitor.py:_start():141] Publishing last batch of metrics
2023-03-09 16:20:28,353 INFO    HandlerThread:16076 [interfaces.py:finish():175] Joined cpu
2023-03-09 16:20:28,353 INFO    HandlerThread:16076 [interfaces.py:finish():175] Joined disk
2023-03-09 16:20:28,652 INFO    HandlerThread:16076 [interfaces.py:finish():175] Joined gpuapple
2023-03-09 16:20:28,652 INFO    HandlerThread:16076 [interfaces.py:finish():175] Joined memory
2023-03-09 16:20:28,652 INFO    HandlerThread:16076 [interfaces.py:finish():175] Joined network
2023-03-09 16:20:28,652 DEBUG   SenderThread:16076 [sender.py:send_request():363] send_request: defer
2023-03-09 16:20:28,652 INFO    SenderThread:16076 [sender.py:send_request_defer():583] handle sender defer: 2
2023-03-09 16:20:28,652 INFO    SenderThread:16076 [sender.py:transition_state():587] send defer: 3
2023-03-09 16:20:28,652 DEBUG   HandlerThread:16076 [handler.py:handle_request():144] handle_request: defer
2023-03-09 16:20:28,652 INFO    HandlerThread:16076 [handler.py:handle_request_defer():170] handle defer: 3
2023-03-09 16:20:28,653 DEBUG   SenderThread:16076 [sender.py:send():336] send: stats
2023-03-09 16:20:28,653 DEBUG   SenderThread:16076 [sender.py:send_request():363] send_request: defer
2023-03-09 16:20:28,653 INFO    SenderThread:16076 [sender.py:send_request_defer():583] handle sender defer: 3
2023-03-09 16:20:28,653 INFO    SenderThread:16076 [sender.py:transition_state():587] send defer: 4
2023-03-09 16:20:28,653 DEBUG   HandlerThread:16076 [handler.py:handle_request():144] handle_request: defer
2023-03-09 16:20:28,653 INFO    HandlerThread:16076 [handler.py:handle_request_defer():170] handle defer: 4
2023-03-09 16:20:28,653 DEBUG   SenderThread:16076 [sender.py:send_request():363] send_request: defer
2023-03-09 16:20:28,653 INFO    SenderThread:16076 [sender.py:send_request_defer():583] handle sender defer: 4
2023-03-09 16:20:28,654 INFO    SenderThread:16076 [sender.py:transition_state():587] send defer: 5
2023-03-09 16:20:28,654 DEBUG   HandlerThread:16076 [handler.py:handle_request():144] handle_request: defer
2023-03-09 16:20:28,654 INFO    HandlerThread:16076 [handler.py:handle_request_defer():170] handle defer: 5
2023-03-09 16:20:28,654 DEBUG   SenderThread:16076 [sender.py:send():336] send: summary
2023-03-09 16:20:28,654 INFO    SenderThread:16076 [sender.py:_save_file():1321] saving file wandb-summary.json with policy end
2023-03-09 16:20:28,654 DEBUG   SenderThread:16076 [sender.py:send_request():363] send_request: defer
2023-03-09 16:20:28,654 INFO    SenderThread:16076 [sender.py:send_request_defer():583] handle sender defer: 5
2023-03-09 16:20:28,654 INFO    SenderThread:16076 [sender.py:transition_state():587] send defer: 6
2023-03-09 16:20:28,654 DEBUG   HandlerThread:16076 [handler.py:handle_request():144] handle_request: defer
2023-03-09 16:20:28,654 INFO    HandlerThread:16076 [handler.py:handle_request_defer():170] handle defer: 6
2023-03-09 16:20:28,655 DEBUG   SenderThread:16076 [sender.py:send_request():363] send_request: defer
2023-03-09 16:20:28,655 INFO    SenderThread:16076 [sender.py:send_request_defer():583] handle sender defer: 6
2023-03-09 16:20:28,655 INFO    SenderThread:16076 [sender.py:transition_state():587] send defer: 7
2023-03-09 16:20:28,655 DEBUG   HandlerThread:16076 [handler.py:handle_request():144] handle_request: status_report
2023-03-09 16:20:28,655 DEBUG   HandlerThread:16076 [handler.py:handle_request():144] handle_request: defer
2023-03-09 16:20:28,655 INFO    HandlerThread:16076 [handler.py:handle_request_defer():170] handle defer: 7
2023-03-09 16:20:28,655 DEBUG   SenderThread:16076 [sender.py:send_request():363] send_request: defer
2023-03-09 16:20:28,655 INFO    SenderThread:16076 [sender.py:send_request_defer():583] handle sender defer: 7
2023-03-09 16:20:29,068 INFO    Thread-13 :16076 [dir_watcher.py:_on_file_modified():292] file/dir modified: /Users/crysiswar999/Documents/GitHub/CS6910-Assignment-1/wandb/run-20230309_161833-p3kupndf/files/wandb-summary.json
2023-03-09 16:20:29,342 DEBUG   HandlerThread:16076 [handler.py:handle_request():144] handle_request: poll_exit
2023-03-09 16:20:29,411 INFO    SenderThread:16076 [sender.py:transition_state():587] send defer: 8
2023-03-09 16:20:29,411 DEBUG   SenderThread:16076 [sender.py:send_request():363] send_request: poll_exit
2023-03-09 16:20:29,414 DEBUG   HandlerThread:16076 [handler.py:handle_request():144] handle_request: defer
2023-03-09 16:20:29,414 INFO    HandlerThread:16076 [handler.py:handle_request_defer():170] handle defer: 8
2023-03-09 16:20:29,414 DEBUG   SenderThread:16076 [sender.py:send_request():363] send_request: defer
2023-03-09 16:20:29,414 INFO    SenderThread:16076 [sender.py:send_request_defer():583] handle sender defer: 8
2023-03-09 16:20:29,414 INFO    SenderThread:16076 [sender.py:transition_state():587] send defer: 9
2023-03-09 16:20:29,415 DEBUG   HandlerThread:16076 [handler.py:handle_request():144] handle_request: defer
2023-03-09 16:20:29,415 INFO    HandlerThread:16076 [handler.py:handle_request_defer():170] handle defer: 9
2023-03-09 16:20:29,415 DEBUG   SenderThread:16076 [sender.py:send_request():363] send_request: defer
2023-03-09 16:20:29,415 INFO    SenderThread:16076 [sender.py:send_request_defer():583] handle sender defer: 9
2023-03-09 16:20:29,415 INFO    SenderThread:16076 [dir_watcher.py:finish():362] shutting down directory watcher
2023-03-09 16:20:30,069 INFO    SenderThread:16076 [dir_watcher.py:_on_file_modified():292] file/dir modified: /Users/crysiswar999/Documents/GitHub/CS6910-Assignment-1/wandb/run-20230309_161833-p3kupndf/files/output.log
2023-03-09 16:20:30,069 INFO    SenderThread:16076 [dir_watcher.py:finish():392] scan: /Users/crysiswar999/Documents/GitHub/CS6910-Assignment-1/wandb/run-20230309_161833-p3kupndf/files
2023-03-09 16:20:30,070 INFO    SenderThread:16076 [dir_watcher.py:finish():406] scan save: /Users/crysiswar999/Documents/GitHub/CS6910-Assignment-1/wandb/run-20230309_161833-p3kupndf/files/requirements.txt requirements.txt
2023-03-09 16:20:30,070 INFO    SenderThread:16076 [dir_watcher.py:finish():406] scan save: /Users/crysiswar999/Documents/GitHub/CS6910-Assignment-1/wandb/run-20230309_161833-p3kupndf/files/output.log output.log
2023-03-09 16:20:30,070 INFO    SenderThread:16076 [dir_watcher.py:finish():406] scan save: /Users/crysiswar999/Documents/GitHub/CS6910-Assignment-1/wandb/run-20230309_161833-p3kupndf/files/config.yaml config.yaml
2023-03-09 16:20:30,077 INFO    SenderThread:16076 [dir_watcher.py:finish():406] scan save: /Users/crysiswar999/Documents/GitHub/CS6910-Assignment-1/wandb/run-20230309_161833-p3kupndf/files/wandb-summary.json wandb-summary.json
2023-03-09 16:20:30,077 INFO    SenderThread:16076 [dir_watcher.py:finish():406] scan save: /Users/crysiswar999/Documents/GitHub/CS6910-Assignment-1/wandb/run-20230309_161833-p3kupndf/files/wandb-metadata.json wandb-metadata.json
2023-03-09 16:20:30,077 INFO    SenderThread:16076 [sender.py:transition_state():587] send defer: 10
2023-03-09 16:20:30,081 DEBUG   HandlerThread:16076 [handler.py:handle_request():144] handle_request: defer
2023-03-09 16:20:30,087 INFO    HandlerThread:16076 [handler.py:handle_request_defer():170] handle defer: 10
2023-03-09 16:20:30,088 DEBUG   SenderThread:16076 [sender.py:send_request():363] send_request: defer
2023-03-09 16:20:30,089 INFO    SenderThread:16076 [sender.py:send_request_defer():583] handle sender defer: 10
2023-03-09 16:20:30,089 INFO    SenderThread:16076 [file_pusher.py:finish():162] shutting down file pusher
2023-03-09 16:20:30,347 DEBUG   HandlerThread:16076 [handler.py:handle_request():144] handle_request: poll_exit
2023-03-09 16:20:30,349 DEBUG   SenderThread:16076 [sender.py:send_request():363] send_request: poll_exit
2023-03-09 16:20:30,497 ERROR   Thread-12 (_thread_body):16076 [step_upload.py:_handle_event():141] Failed to upload file: /Users/crysiswar999/Documents/GitHub/CS6910-Assignment-1/wandb/run-20230309_161833-p3kupndf/files/wandb-summary.json
Traceback (most recent call last):
  File "/opt/homebrew/lib/python3.10/site-packages/wandb/apis/normalize.py", line 26, in wrapper
    return func(*args, **kwargs)
  File "/opt/homebrew/lib/python3.10/site-packages/wandb/sdk/internal/internal_api.py", line 1769, in upload_urls
    raise CommError(f"Run does not exist {entity}/{project}/{run_id}.")
wandb.errors.CommError: Run does not exist cs22m031/CS6910_DL_assignment_1/p3kupndf.

During handling of the above exception, another exception occurred:

Traceback (most recent call last):
  File "/opt/homebrew/Cellar/python@3.10/3.10.6_2/Frameworks/Python.framework/Versions/3.10/lib/python3.10/concurrent/futures/thread.py", line 58, in run
    result = self.fn(*self.args, **self.kwargs)
  File "/opt/homebrew/lib/python3.10/site-packages/wandb/filesync/step_upload.py", line 235, in run_and_notify
    job.run()
  File "/opt/homebrew/lib/python3.10/site-packages/wandb/filesync/upload_job.py", line 62, in run
    self.push()
  File "/opt/homebrew/lib/python3.10/site-packages/wandb/filesync/upload_job.py", line 113, in push
    _, upload_headers, result = self._api.upload_urls(project, [self.save_name])
  File "/opt/homebrew/lib/python3.10/site-packages/wandb/apis/normalize.py", line 64, in wrapper
    raise CommError(message, err).with_traceback(sys.exc_info()[2])
  File "/opt/homebrew/lib/python3.10/site-packages/wandb/apis/normalize.py", line 26, in wrapper
    return func(*args, **kwargs)
  File "/opt/homebrew/lib/python3.10/site-packages/wandb/sdk/internal/internal_api.py", line 1769, in upload_urls
    raise CommError(f"Run does not exist {entity}/{project}/{run_id}.")
wandb.errors.CommError: Run does not exist cs22m031/CS6910_DL_assignment_1/p3kupndf.
2023-03-09 16:20:30,503 ERROR   Thread-12 (_thread_body):16076 [step_upload.py:_handle_event():141] Failed to upload file: /Users/crysiswar999/Documents/GitHub/CS6910-Assignment-1/wandb/run-20230309_161833-p3kupndf/files/config.yaml
Traceback (most recent call last):
  File "/opt/homebrew/lib/python3.10/site-packages/wandb/apis/normalize.py", line 26, in wrapper
    return func(*args, **kwargs)
  File "/opt/homebrew/lib/python3.10/site-packages/wandb/sdk/internal/internal_api.py", line 1769, in upload_urls
    raise CommError(f"Run does not exist {entity}/{project}/{run_id}.")
wandb.errors.CommError: Run does not exist cs22m031/CS6910_DL_assignment_1/p3kupndf.

During handling of the above exception, another exception occurred:

Traceback (most recent call last):
  File "/opt/homebrew/Cellar/python@3.10/3.10.6_2/Frameworks/Python.framework/Versions/3.10/lib/python3.10/concurrent/futures/thread.py", line 58, in run
    result = self.fn(*self.args, **self.kwargs)
  File "/opt/homebrew/lib/python3.10/site-packages/wandb/filesync/step_upload.py", line 235, in run_and_notify
    job.run()
  File "/opt/homebrew/lib/python3.10/site-packages/wandb/filesync/upload_job.py", line 62, in run
    self.push()
  File "/opt/homebrew/lib/python3.10/site-packages/wandb/filesync/upload_job.py", line 113, in push
    _, upload_headers, result = self._api.upload_urls(project, [self.save_name])
  File "/opt/homebrew/lib/python3.10/site-packages/wandb/apis/normalize.py", line 64, in wrapper
    raise CommError(message, err).with_traceback(sys.exc_info()[2])
  File "/opt/homebrew/lib/python3.10/site-packages/wandb/apis/normalize.py", line 26, in wrapper
    return func(*args, **kwargs)
  File "/opt/homebrew/lib/python3.10/site-packages/wandb/sdk/internal/internal_api.py", line 1769, in upload_urls
    raise CommError(f"Run does not exist {entity}/{project}/{run_id}.")
wandb.errors.CommError: Run does not exist cs22m031/CS6910_DL_assignment_1/p3kupndf.
2023-03-09 16:20:30,504 ERROR   Thread-12 (_thread_body):16076 [step_upload.py:_handle_event():141] Failed to upload file: /Users/crysiswar999/Documents/GitHub/CS6910-Assignment-1/wandb/run-20230309_161833-p3kupndf/files/output.log
Traceback (most recent call last):
  File "/opt/homebrew/lib/python3.10/site-packages/wandb/apis/normalize.py", line 26, in wrapper
    return func(*args, **kwargs)
  File "/opt/homebrew/lib/python3.10/site-packages/wandb/sdk/internal/internal_api.py", line 1769, in upload_urls
    raise CommError(f"Run does not exist {entity}/{project}/{run_id}.")
wandb.errors.CommError: Run does not exist cs22m031/CS6910_DL_assignment_1/p3kupndf.

During handling of the above exception, another exception occurred:

Traceback (most recent call last):
  File "/opt/homebrew/Cellar/python@3.10/3.10.6_2/Frameworks/Python.framework/Versions/3.10/lib/python3.10/concurrent/futures/thread.py", line 58, in run
    result = self.fn(*self.args, **self.kwargs)
  File "/opt/homebrew/lib/python3.10/site-packages/wandb/filesync/step_upload.py", line 235, in run_and_notify
    job.run()
  File "/opt/homebrew/lib/python3.10/site-packages/wandb/filesync/upload_job.py", line 62, in run
    self.push()
  File "/opt/homebrew/lib/python3.10/site-packages/wandb/filesync/upload_job.py", line 113, in push
    _, upload_headers, result = self._api.upload_urls(project, [self.save_name])
  File "/opt/homebrew/lib/python3.10/site-packages/wandb/apis/normalize.py", line 64, in wrapper
    raise CommError(message, err).with_traceback(sys.exc_info()[2])
  File "/opt/homebrew/lib/python3.10/site-packages/wandb/apis/normalize.py", line 26, in wrapper
    return func(*args, **kwargs)
  File "/opt/homebrew/lib/python3.10/site-packages/wandb/sdk/internal/internal_api.py", line 1769, in upload_urls
    raise CommError(f"Run does not exist {entity}/{project}/{run_id}.")
wandb.errors.CommError: Run does not exist cs22m031/CS6910_DL_assignment_1/p3kupndf.
2023-03-09 16:20:30,504 ERROR   Thread-12 (_thread_body):16076 [step_upload.py:_handle_event():141] Failed to upload file: /Users/crysiswar999/Documents/GitHub/CS6910-Assignment-1/wandb/run-20230309_161833-p3kupndf/files/requirements.txt
Traceback (most recent call last):
  File "/opt/homebrew/lib/python3.10/site-packages/wandb/apis/normalize.py", line 26, in wrapper
    return func(*args, **kwargs)
  File "/opt/homebrew/lib/python3.10/site-packages/wandb/sdk/internal/internal_api.py", line 1769, in upload_urls
    raise CommError(f"Run does not exist {entity}/{project}/{run_id}.")
wandb.errors.CommError: Run does not exist cs22m031/CS6910_DL_assignment_1/p3kupndf.

During handling of the above exception, another exception occurred:

Traceback (most recent call last):
  File "/opt/homebrew/Cellar/python@3.10/3.10.6_2/Frameworks/Python.framework/Versions/3.10/lib/python3.10/concurrent/futures/thread.py", line 58, in run
    result = self.fn(*self.args, **self.kwargs)
  File "/opt/homebrew/lib/python3.10/site-packages/wandb/filesync/step_upload.py", line 235, in run_and_notify
    job.run()
  File "/opt/homebrew/lib/python3.10/site-packages/wandb/filesync/upload_job.py", line 62, in run
    self.push()
  File "/opt/homebrew/lib/python3.10/site-packages/wandb/filesync/upload_job.py", line 113, in push
    _, upload_headers, result = self._api.upload_urls(project, [self.save_name])
  File "/opt/homebrew/lib/python3.10/site-packages/wandb/apis/normalize.py", line 64, in wrapper
    raise CommError(message, err).with_traceback(sys.exc_info()[2])
  File "/opt/homebrew/lib/python3.10/site-packages/wandb/apis/normalize.py", line 26, in wrapper
    return func(*args, **kwargs)
  File "/opt/homebrew/lib/python3.10/site-packages/wandb/sdk/internal/internal_api.py", line 1769, in upload_urls
    raise CommError(f"Run does not exist {entity}/{project}/{run_id}.")
wandb.errors.CommError: Run does not exist cs22m031/CS6910_DL_assignment_1/p3kupndf.
2023-03-09 16:20:30,711 INFO    Thread-12 (_thread_body):16076 [sender.py:transition_state():587] send defer: 11
2023-03-09 16:20:30,717 DEBUG   HandlerThread:16076 [handler.py:handle_request():144] handle_request: defer
2023-03-09 16:20:30,717 INFO    HandlerThread:16076 [handler.py:handle_request_defer():170] handle defer: 11
2023-03-09 16:20:30,722 DEBUG   SenderThread:16076 [sender.py:send_request():363] send_request: defer
2023-03-09 16:20:30,722 INFO    SenderThread:16076 [sender.py:send_request_defer():583] handle sender defer: 11
2023-03-09 16:20:30,722 INFO    SenderThread:16076 [file_pusher.py:join():167] waiting for file pusher
2023-03-09 16:20:30,722 INFO    SenderThread:16076 [sender.py:transition_state():587] send defer: 12
2023-03-09 16:20:30,731 DEBUG   HandlerThread:16076 [handler.py:handle_request():144] handle_request: defer
2023-03-09 16:20:30,731 INFO    HandlerThread:16076 [handler.py:handle_request_defer():170] handle defer: 12
2023-03-09 16:20:30,733 DEBUG   SenderThread:16076 [sender.py:send_request():363] send_request: defer
2023-03-09 16:20:30,733 INFO    SenderThread:16076 [sender.py:send_request_defer():583] handle sender defer: 12
2023-03-09 16:20:31,351 DEBUG   HandlerThread:16076 [handler.py:handle_request():144] handle_request: poll_exit
2023-03-09 16:20:31,437 INFO    SenderThread:16076 [sender.py:transition_state():587] send defer: 13
2023-03-09 16:20:31,437 DEBUG   SenderThread:16076 [sender.py:send_request():363] send_request: poll_exit
2023-03-09 16:20:31,438 DEBUG   HandlerThread:16076 [handler.py:handle_request():144] handle_request: defer
2023-03-09 16:20:31,438 INFO    HandlerThread:16076 [handler.py:handle_request_defer():170] handle defer: 13
2023-03-09 16:20:31,446 DEBUG   SenderThread:16076 [sender.py:send_request():363] send_request: defer
2023-03-09 16:20:31,446 INFO    SenderThread:16076 [sender.py:send_request_defer():583] handle sender defer: 13
2023-03-09 16:20:31,453 INFO    SenderThread:16076 [sender.py:transition_state():587] send defer: 14
2023-03-09 16:20:31,454 DEBUG   HandlerThread:16076 [handler.py:handle_request():144] handle_request: defer
2023-03-09 16:20:31,455 INFO    HandlerThread:16076 [handler.py:handle_request_defer():170] handle defer: 14
2023-03-09 16:20:31,459 DEBUG   SenderThread:16076 [sender.py:send():336] send: final
2023-03-09 16:20:31,462 DEBUG   SenderThread:16076 [sender.py:send():336] send: footer
2023-03-09 16:20:31,462 DEBUG   SenderThread:16076 [sender.py:send_request():363] send_request: defer
2023-03-09 16:20:31,462 INFO    SenderThread:16076 [sender.py:send_request_defer():583] handle sender defer: 14
2023-03-09 16:20:31,468 DEBUG   HandlerThread:16076 [handler.py:handle_request():144] handle_request: poll_exit
2023-03-09 16:20:31,468 DEBUG   HandlerThread:16076 [handler.py:handle_request():144] handle_request: poll_exit
2023-03-09 16:20:31,468 DEBUG   HandlerThread:16076 [handler.py:handle_request():144] handle_request: server_info
2023-03-09 16:20:31,468 DEBUG   HandlerThread:16076 [handler.py:handle_request():144] handle_request: get_summary
2023-03-09 16:20:31,469 DEBUG   HandlerThread:16076 [handler.py:handle_request():144] handle_request: sampled_history
2023-03-09 16:20:31,471 DEBUG   SenderThread:16076 [sender.py:send_request():363] send_request: poll_exit
2023-03-09 16:20:31,472 DEBUG   SenderThread:16076 [sender.py:send_request():363] send_request: poll_exit
2023-03-09 16:20:31,472 DEBUG   SenderThread:16076 [sender.py:send_request():363] send_request: server_info
2023-03-09 16:20:32,341 INFO    MainThread:16076 [wandb_run.py:_footer_history_summary_info():3442] rendering history
2023-03-09 16:20:32,341 INFO    MainThread:16076 [wandb_run.py:_footer_history_summary_info():3474] rendering summary
2023-03-09 16:20:32,342 INFO    MainThread:16076 [wandb_run.py:_footer_sync_info():3398] logging synced files
2023-03-09 16:20:32,344 DEBUG   HandlerThread:16076 [handler.py:handle_request():144] handle_request: shutdown
2023-03-09 16:20:32,344 INFO    HandlerThread:16076 [handler.py:finish():841] shutting down handler
2023-03-09 16:20:32,472 INFO    WriterThread:16076 [datastore.py:close():299] close: /Users/crysiswar999/Documents/GitHub/CS6910-Assignment-1/wandb/run-20230309_161833-p3kupndf/run-p3kupndf.wandb
2023-03-09 16:20:33,337 INFO    SenderThread:16076 [sender.py:finish():1493] shutting down sender
2023-03-09 16:20:33,337 INFO    SenderThread:16076 [file_pusher.py:finish():162] shutting down file pusher
2023-03-09 16:20:33,337 INFO    SenderThread:16076 [file_pusher.py:join():167] waiting for file pusher
